<?xml version="1.0" encoding="UTF-8"?>
<testsuite name="com.example.demo.GreetingServiceImplTest" tests="1" skipped="0" failures="0" errors="0" timestamp="2025-02-06T17:19:17" hostname="MacBook-Pro-de-Yassine.local" time="0.029">
  <properties/>
  <testcase name="testGetUserInfo_UserExists()" classname="com.example.demo.GreetingServiceImplTest" time="0.029"/>
  <system-out><![CDATA[]]></system-out>
  <system-err><![CDATA[]]></system-err>
</testsuite>
